<?xml version="1.0" encoding="UTF-8"?>
<!-- Generated by org.testng.reporters.JUnitReportReporter -->
<testsuite hostname="DESKTOP-VUHVFPU" failures="0" tests="2" name="jenkins_trial.Practice1" time="0.012" errors="0" timestamp="2022-09-23T04:36:53 IST" skipped="0">
  <testcase classname="jenkins_trial.Practice1" name="test1" time="0.010"/>
  <system-out/>
  <testcase classname="jenkins_trial.Practice1" name="test2" time="0.002"/>
  <system-out/>
</testsuite> <!-- jenkins_trial.Practice1 -->
