<?xml version="1.0" encoding="UTF-8"?>
<!-- Generated by org.testng.reporters.JUnitReportReporter -->
<testsuite hostname="DESKTOP-VUHVFPU" failures="0" tests="2" name="jenkins_trial.Practice1" time="0.013" errors="0" timestamp="23 Sep 2022 04:32:32 GMT">
  <testcase classname="jenkins_trial.Practice1" name="test1" time="0.012"/>
  <testcase classname="jenkins_trial.Practice1" name="test2" time="0.001"/>
</testsuite> <!-- jenkins_trial.Practice1 -->
