<?xml version="1.0" encoding="UTF-8"?>
<!-- Generated by org.testng.reporters.JUnitReportReporter -->
<testsuite hostname="DESKTOP-VUHVFPU" failures="0" tests="2" name="jenkins_trial.Practice2" time="0.017" errors="0" timestamp="2022-09-23T04:20:04 IST" skipped="0">
  <testcase classname="jenkins_trial.Practice2" name="main1" time="0.013"/>
  <system-out>
main1  </system-out>
  <testcase classname="jenkins_trial.Practice2" name="main2" time="0.004"/>
  <system-out>
main2  </system-out>
</testsuite> <!-- jenkins_trial.Practice2 -->
