<?xml version="1.0" encoding="UTF-8"?>
<!-- Generated by org.testng.reporters.JUnitReportReporter -->
<testsuite hostname="DESKTOP-VUHVFPU" failures="0" tests="2" name="jenkins_trial.Practice1" time="0.018" errors="0" timestamp="2022-09-23T04:19:44 IST" skipped="0">
  <testcase classname="jenkins_trial.Practice1" name="test1" time="0.017"/>
  <system-out>
hi  </system-out>
  <testcase classname="jenkins_trial.Practice1" name="test2" time="0.001"/>
  <system-out>
hello  </system-out>
</testsuite> <!-- jenkins_trial.Practice1 -->
